<?xml version="1.0" encoding="UTF-8"?>
<!-- Generated by org.testng.reporters.JUnitReportReporter -->
<testsuite skipped="0" hostname="Chukur" name="test.CarvanaSearchResultTest" tests="2" failures="0" timestamp="07 Feb 2023 18:21:04 GMT" time="36.536" errors="0">
  <testcase name="validateSearchButtonAndSearchFilterOptions" time="11.697" classname="test.CarvanaSearchResultTest"/>
  <testcase name="validateSearchResultTiles" time="24.839" classname="test.CarvanaSearchResultTest"/>
</testsuite> <!-- test.CarvanaSearchResultTest -->
