<?xml version="1.0" encoding="UTF-8"?>
<!-- Generated by org.testng.reporters.JUnitReportReporter -->
<testsuite skipped="0" hostname="Chukur" name="test.CarvanaBaseTest" tests="4" failures="0" timestamp="07 Feb 2023 18:21:04 GMT" time="39.473" errors="0">
  <testcase name="validateTitleAndURL" time="7.347" classname="test.CarvanaBaseTest"/>
  <testcase name="validateCarvanaLogo" time="11.670" classname="test.CarvanaBaseTest"/>
  <testcase name="validateMainNavigationItems" time="5.816" classname="test.CarvanaBaseTest"/>
  <testcase name="validateSignInErrorMessage" time="14.640" classname="test.CarvanaBaseTest"/>
</testsuite> <!-- test.CarvanaBaseTest -->
